<?xml version="1.0" encoding="UTF-8"?>
<testng-results ignored="0" total="0" passed="0" failed="0" skipped="0">
  <reporter-output>
  </reporter-output>
  <suite started-at="2023-03-01T13:32:13 MST" name="Default suite" finished-at="2023-03-01T13:32:13 MST" duration-ms="11">
    <groups>
    </groups>
    <test started-at="2023-03-01T13:32:13 MST" name="Default test" finished-at="2023-03-01T13:32:13 MST" duration-ms="11">
    </test> <!-- Default test -->
  </suite> <!-- Default suite -->
</testng-results>
